<?xml version="1.0" encoding="UTF-8"?>
<!-- Generated by org.testng.reporters.JUnitReportReporter -->
<testsuite skipped="0" hostname="CAOT-ELAINED-L" name="firsttestngpackage.FirstTestNGFile" tests="3" failures="0" timestamp="10 Sep 2018 17:53:32 GMT" time="5.729" errors="0">
  <testcase name="readTerms" time="1.801" classname="firsttestngpackage.FirstTestNGFile"/>
  <testcase name="forgotAccount" time="2.013" classname="firsttestngpackage.FirstTestNGFile"/>
  <testcase name="createAPage" time="1.915" classname="firsttestngpackage.FirstTestNGFile"/>
</testsuite> <!-- firsttestngpackage.FirstTestNGFile -->
